# JRE version: OpenJDK Runtime Environment (8.0_112-b06) (build 1.8.0_112-release-b06)
# Java VM: OpenJDK 64-Bit Server VM (25.112-b06 mixed mode windows-amd64 compressed oops)
Heap:
 PSYoungGen      total 468992K, used 263473K [0x00000000e0000000, 0x00000000ffe80000, 0x0000000100000000)
  eden space 414720K, 62% used [0x00000000e0000000,0x00000000efbd6c68,0x00000000f9500000)
  from space 54272K, 10% used [0x00000000fc980000,0x00000000fcef5ad8,0x00000000ffe80000)
  to   space 53760K, 0% used [0x00000000f9500000,0x00000000f9500000,0x00000000fc980000)
 ParOldGen       total 171520K, used 92750K [0x00000000a0000000, 0x00000000aa780000, 0x00000000e0000000)
  object space 171520K, 54% used [0x00000000a0000000,0x00000000a5a93b68,0x00000000aa780000)
 Metaspace       used 89943K, capacity 99464K, committed 99584K, reserved 1136640K
  class space    used 11273K, capacity 12225K, committed 12288K, reserved 1048576K
GC Heap History (10 events):
Event: 11416.165 GC heap before
{Heap before GC invocations=74 (full 6):
 PSYoungGen      total 385536K, used 385377K [0x00000000e0000000, 0x00000000fe180000, 0x0000000100000000)
  eden space 377344K, 100% used [0x00000000e0000000,0x00000000f7080000,0x00000000f7080000)
  from space 8192K, 98% used [0x00000000f8000000,0x00000000f87d86e8,0x00000000f8800000)
  to   space 57856K, 0% used [0x00000000fa900000,0x00000000fa900000,0x00000000fe180000)
 ParOldGen       total 171520K, used 78490K [0x00000000a0000000, 0x00000000aa780000, 0x00000000e0000000)
  object space 171520K, 45% used [0x00000000a0000000,0x00000000a4ca6900,0x00000000aa780000)
 Metaspace       used 89664K, capacity 98902K, committed 99072K, reserved 1136640K
  class space    used 11238K, capacity 12191K, committed 12288K, reserved 1048576K
Event: 11416.214 GC heap after
Heap after GC invocations=74 (full 6):
 PSYoungGen      total 434688K, used 28831K [0x00000000e0000000, 0x0000000100000000, 0x0000000100000000)
  eden space 376832K, 0% used [0x00000000e0000000,0x00000000e0000000,0x00000000f7000000)
  from space 57856K, 49% used [0x00000000fa900000,0x00000000fc527d70,0x00000000fe180000)
  to   space 58368K, 0% used [0x00000000f7000000,0x00000000f7000000,0x00000000fa900000)
 ParOldGen       total 171520K, used 85250K [0x00000000a0000000, 0x00000000aa780000, 0x00000000e0000000)
  object space 171520K, 49% used [0x00000000a0000000,0x00000000a5340a38,0x00000000aa780000)
 Metaspace       used 89664K, capacity 98902K, committed 99072K, reserved 1136640K
  class space    used 11238K, capacity 12191K, committed 12288K, reserved 1048576K
}
Event: 11479.852 GC heap before
{Heap before GC invocations=75 (full 6):
 PSYoungGen      total 434688K, used 405663K [0x00000000e0000000, 0x0000000100000000, 0x0000000100000000)
  eden space 376832K, 100% used [0x00000000e0000000,0x00000000f7000000,0x00000000f7000000)
  from space 57856K, 49% used [0x00000000fa900000,0x00000000fc527d70,0x00000000fe180000)
  to   space 58368K, 0% used [0x00000000f7000000,0x00000000f7000000,0x00000000fa900000)
 ParOldGen       total 171520K, used 85250K [0x00000000a0000000, 0x00000000aa780000, 0x00000000e0000000)
  object space 171520K, 49% used [0x00000000a0000000,0x00000000a5340a38,0x00000000aa780000)
 Metaspace       used 89716K, capacity 98990K, committed 99328K, reserved 1136640K
  class space    used 11247K, capacity 12199K, committed 12288K, reserved 1048576K
Event: 11479.861 GC heap after
Heap after GC invocations=75 (full 6):
 PSYoungGen      total 435200K, used 10534K [0x00000000e0000000, 0x00000000ffb80000, 0x0000000100000000)
  eden space 376832K, 0% used [0x00000000e0000000,0x00000000e0000000,0x00000000f7000000)
  from space 58368K, 18% used [0x00000000f7000000,0x00000000f7a49ac8,0x00000000fa900000)
  to   space 55808K, 0% used [0x00000000fc500000,0x00000000fc500000,0x00000000ffb80000)
 ParOldGen       total 171520K, used 85506K [0x00000000a0000000, 0x00000000aa780000, 0x00000000e0000000)
  object space 171520K, 49% used [0x00000000a0000000,0x00000000a5380a38,0x00000000aa780000)
 Metaspace       used 89716K, capacity 98990K, committed 99328K, reserved 1136640K
  class space    used 11247K, capacity 12199K, committed 12288K, reserved 1048576K
}
Event: 11895.675 GC heap before
{Heap before GC invocations=76 (full 6):
 PSYoungGen      total 435200K, used 386422K [0x00000000e0000000, 0x00000000ffb80000, 0x0000000100000000)
  eden space 376832K, 99% used [0x00000000e0000000,0x00000000f6f14120,0x00000000f7000000)
  from space 58368K, 18% used [0x00000000f7000000,0x00000000f7a49ac8,0x00000000fa900000)
  to   space 55808K, 0% used [0x00000000fc500000,0x00000000fc500000,0x00000000ffb80000)
 ParOldGen       total 171520K, used 85506K [0x00000000a0000000, 0x00000000aa780000, 0x00000000e0000000)
  object space 171520K, 49% used [0x00000000a0000000,0x00000000a5380a38,0x00000000aa780000)
 Metaspace       used 89770K, capacity 99150K, committed 99328K, reserved 1136640K
  class space    used 11254K, capacity 12207K, committed 12288K, reserved 1048576K
Event: 11895.687 GC heap after
Heap after GC invocations=76 (full 6):
 PSYoungGen      total 462848K, used 8381K [0x00000000e0000000, 0x00000000ff880000, 0x0000000100000000)
  eden space 410112K, 0% used [0x00000000e0000000,0x00000000e0000000,0x00000000f9080000)
  from space 52736K, 15% used [0x00000000fc500000,0x00000000fcd2f690,0x00000000ff880000)
  to   space 53248K, 0% used [0x00000000f9080000,0x00000000f9080000,0x00000000fc480000)
 ParOldGen       total 171520K, used 85818K [0x00000000a0000000, 0x00000000aa780000, 0x00000000e0000000)
  object space 171520K, 50% used [0x00000000a0000000,0x00000000a53cea48,0x00000000aa780000)
 Metaspace       used 89770K, capacity 99150K, committed 99328K, reserved 1136640K
  class space    used 11254K, capacity 12207K, committed 12288K, reserved 1048576K
}
Event: 11896.272 GC heap before
{Heap before GC invocations=77 (full 6):
 PSYoungGen      total 462848K, used 418493K [0x00000000e0000000, 0x00000000ff880000, 0x0000000100000000)
  eden space 410112K, 100% used [0x00000000e0000000,0x00000000f9080000,0x00000000f9080000)
  from space 52736K, 15% used [0x00000000fc500000,0x00000000fcd2f690,0x00000000ff880000)
  to   space 53248K, 0% used [0x00000000f9080000,0x00000000f9080000,0x00000000fc480000)
 ParOldGen       total 171520K, used 85818K [0x00000000a0000000, 0x00000000aa780000, 0x00000000e0000000)
  object space 171520K, 50% used [0x00000000a0000000,0x00000000a53cea48,0x00000000aa780000)
 Metaspace       used 89806K, capacity 99288K, committed 99584K, reserved 1136640K
  class space    used 11256K, capacity 12209K, committed 12288K, reserved 1048576K
Event: 11896.302 GC heap after
Heap after GC invocations=77 (full 6):
 PSYoungGen      total 463360K, used 33083K [0x00000000e0000000, 0x0000000100000000, 0x0000000100000000)
  eden space 410112K, 0% used [0x00000000e0000000,0x00000000e0000000,0x00000000f9080000)
  from space 53248K, 62% used [0x00000000f9080000,0x00000000fb0cee18,0x00000000fc480000)
  to   space 55808K, 0% used [0x00000000fc980000,0x00000000fc980000,0x0000000100000000)
 ParOldGen       total 171520K, used 92502K [0x00000000a0000000, 0x00000000aa780000, 0x00000000e0000000)
  object space 171520K, 53% used [0x00000000a0000000,0x00000000a5a55b68,0x00000000aa780000)
 Metaspace       used 89806K, capacity 99288K, committed 99584K, reserved 1136640K
  class space    used 11256K, capacity 12209K, committed 12288K, reserved 1048576K
}
Event: 12083.568 GC heap before
{Heap before GC invocations=78 (full 6):
 PSYoungGen      total 463360K, used 443195K [0x00000000e0000000, 0x0000000100000000, 0x0000000100000000)
  eden space 410112K, 100% used [0x00000000e0000000,0x00000000f9080000,0x00000000f9080000)
  from space 53248K, 62% used [0x00000000f9080000,0x00000000fb0cee18,0x00000000fc480000)
  to   space 55808K, 0% used [0x00000000fc980000,0x00000000fc980000,0x0000000100000000)
 ParOldGen       total 171520K, used 92502K [0x00000000a0000000, 0x00000000aa780000, 0x00000000e0000000)
  object space 171520K, 53% used [0x00000000a0000000,0x00000000a5a55b68,0x00000000aa780000)
 Metaspace       used 89869K, capacity 99376K, committed 99584K, reserved 1136640K
  class space    used 11264K, capacity 12217K, committed 12288K, reserved 1048576K
Event: 12083.575 GC heap after
Heap after GC invocations=78 (full 6):
 PSYoungGen      total 468992K, used 5590K [0x00000000e0000000, 0x00000000ffe80000, 0x0000000100000000)
  eden space 414720K, 0% used [0x00000000e0000000,0x00000000e0000000,0x00000000f9500000)
  from space 54272K, 10% used [0x00000000fc980000,0x00000000fcef5ad8,0x00000000ffe80000)
  to   space 53760K, 0% used [0x00000000f9500000,0x00000000f9500000,0x00000000fc980000)
 ParOldGen       total 171520K, used 92750K [0x00000000a0000000, 0x00000000aa780000, 0x00000000e0000000)
  object space 171520K, 54% used [0x00000000a0000000,0x00000000a5a93b68,0x00000000aa780000)
 Metaspace       used 89869K, capacity 99376K, committed 99584K, reserved 1136640K
  class space    used 11264K, capacity 12217K, committed 12288K, reserved 1048576K
}

